Arguments: 
  C:\Program Files\nodejs\node.exe C:\Users\nrenu\AppData\Roaming\npm\node_modules\yarn\bin\yarn.js add Error: Cannot find module ts-node/register

PATH: 
  C:\Windows\system32;C:\Windows;C:\Windows\System32\Wbem;C:\Windows\System32\WindowsPowerShell\v1.0\;C:\Windows\System32\OpenSSH\;C:\Program Files\Microsoft SQL Server\150\Tools\Binn\;C:\Program Files\Microsoft SQL Server\Client SDK\ODBC\170\Tools\Binn\;C:\Program Files\dotnet\;C:\Program Files\nodejs\;C:\Program Files\Git\cmd;C:\Program Files (x86)\Microsoft SQL Server\150\Tools\Binn\;C:\Program Files\Microsoft SQL Server\150\DTS\Binn\;C:\Program Files (x86)\Microsoft SQL Server\150\DTS\Binn\;C:\Program Files\Azure Data Studio\bin;C:\Program Files\Docker\Docker\resources\bin;C:\Users\nrenu\AppData\Local\Microsoft\WindowsApps;C:\Users\nrenu\AppData\Local\Programs\Microsoft VS Code\bin;C:\Users\nrenu\.dotnet\tools;C:\Users\nrenu\AppData\Roaming\npm;C:\Users\nrenu\AppData\Local\GitHubDesktop\bin

Yarn version: 
  1.22.19

Node version: 
  16.18.0

Platform: 
  win32 x64

Trace: 
  Error: https://registry.yarnpkg.com/Error:: Not found
      at Request.params.callback [as _callback] (C:\Users\nrenu\AppData\Roaming\npm\node_modules\yarn\lib\cli.js:66145:18)
      at Request.self.callback (C:\Users\nrenu\AppData\Roaming\npm\node_modules\yarn\lib\cli.js:140890:22)
      at Request.emit (node:events:513:28)
      at Request.<anonymous> (C:\Users\nrenu\AppData\Roaming\npm\node_modules\yarn\lib\cli.js:141862:10)
      at Request.emit (node:events:513:28)
      at IncomingMessage.<anonymous> (C:\Users\nrenu\AppData\Roaming\npm\node_modules\yarn\lib\cli.js:141784:12)
      at Object.onceWrapper (node:events:627:28)
      at IncomingMessage.emit (node:events:525:35)
      at endReadableNT (node:internal/streams/readable:1358:12)
      at processTicksAndRejections (node:internal/process/task_queues:83:21)

npm manifest: 
  {
    "name": "url-shortner-backend",
    "version": "1.0.0",
    "main": "index.js",
    "repository": "https://github.com/sliit-foss/url-shortner-backend.git",
    "author": "",
    "license": "MIT",
    "scripts": {
      "dev": "nodemon --config nodemon.json src/app.ts",
      "build": "tsc"
    },
    "devDependencies": {
      "typescript": "^4.8.4"
    },
    "dependencies": {
      "body-parser": "^1.20.1",
      "config": "^3.3.8",
      "cors": "^2.8.5",
      "express": "^4.18.2",
      "mongoose": "^6.7.1",
      "nanoid": "^4.0.0",
      "touch-cli": "^0.0.1",
      "yup": "^0.32.11"
    }
  }

yarn manifest: 
  No manifest

Lockfile: 
  # THIS IS AN AUTOGENERATED FILE. DO NOT EDIT THIS FILE DIRECTLY.
  # yarn lockfile v1
  
  
  "@aws-crypto/ie11-detection@^2.0.0":
    version "2.0.2"
    resolved "https://registry.npmjs.org/@aws-crypto/ie11-detection/-/ie11-detection-2.0.2.tgz"
    integrity sha512-5XDMQY98gMAf/WRTic5G++jfmS/VLM0rwpiOpaainKi4L0nqWMSB1SzsrEG5rjFZGYN6ZAefO+/Yta2dFM0kMw==
    dependencies:
      tslib "^1.11.1"
  
  "@aws-crypto/sha256-browser@2.0.0":
    version "2.0.0"
    resolved "https://registry.npmjs.org/@aws-crypto/sha256-browser/-/sha256-browser-2.0.0.tgz"
    integrity sha512-rYXOQ8BFOaqMEHJrLHul/25ckWH6GTJtdLSajhlqGMx0PmSueAuvboCuZCTqEKlxR8CQOwRarxYMZZSYlhRA1A==
    dependencies:
      "@aws-crypto/ie11-detection" "^2.0.0"
      "@aws-crypto/sha256-js" "^2.0.0"
      "@aws-crypto/supports-web-crypto" "^2.0.0"
      "@aws-crypto/util" "^2.0.0"
      "@aws-sdk/types" "^3.1.0"
      "@aws-sdk/util-locate-window" "^3.0.0"
      "@aws-sdk/util-utf8-browser" "^3.0.0"
      tslib "^1.11.1"
  
  "@aws-crypto/sha256-js@2.0.0", "@aws-crypto/sha256-js@^2.0.0":
    version "2.0.0"
    resolved "https://registry.npmjs.org/@aws-crypto/sha256-js/-/sha256-js-2.0.0.tgz"
    integrity sha512-VZY+mCY4Nmrs5WGfitmNqXzaE873fcIZDu54cbaDaaamsaTOP1DBImV9F4pICc3EHjQXujyE8jig+PFCaew9ig==
    dependencies:
      "@aws-crypto/util" "^2.0.0"
      "@aws-sdk/types" "^3.1.0"
      tslib "^1.11.1"
  
  "@aws-crypto/supports-web-crypto@^2.0.0":
    version "2.0.2"
    resolved "https://registry.npmjs.org/@aws-crypto/supports-web-crypto/-/supports-web-crypto-2.0.2.tgz"
    integrity sha512-6mbSsLHwZ99CTOOswvCRP3C+VCWnzBf+1SnbWxzzJ9lR0mA0JnY2JEAhp8rqmTE0GPFy88rrM27ffgp62oErMQ==
    dependencies:
      tslib "^1.11.1"
  
  "@aws-crypto/util@^2.0.0":
    version "2.0.2"
    resolved "https://registry.npmjs.org/@aws-crypto/util/-/util-2.0.2.tgz"
    integrity sha512-Lgu5v/0e/BcrZ5m/IWqzPUf3UYFTy/PpeED+uc9SWUR1iZQL8XXbGQg10UfllwwBryO3hFF5dizK+78aoXC1eA==
    dependencies:
      "@aws-sdk/types" "^3.110.0"
      "@aws-sdk/util-utf8-browser" "^3.0.0"
      tslib "^1.11.1"
  
  "@aws-sdk/abort-controller@3.201.0":
    version "3.201.0"
    resolved "https://registry.npmjs.org/@aws-sdk/abort-controller/-/abort-controller-3.201.0.tgz"
    integrity sha512-xJ984k+CKlGjBmvNarzM8Y+b6X4L1Zt0TycQmVBJq7fAr/ju9l13pQIoXR5WlDIW1FkGeVczF5Nu6fN46SCORQ==
    dependencies:
      "@aws-sdk/types" "3.201.0"
      tslib "^2.3.1"
  
  "@aws-sdk/client-cognito-identity@3.204.0":
    version "3.204.0"
    resolved "https://registry.npmjs.org/@aws-sdk/client-cognito-identity/-/client-cognito-identity-3.204.0.tgz"
    integrity sha512-uftJkNKYcZ8bXVwcpOn5ZUjUX0IRto0ZrTO8DBdS9b7PJu2Y84eSy46LsAYuRDC0PZreQxy8nOH5HmI86/W8xQ==
    dependencies:
      "@aws-crypto/sha256-browser" "2.0.0"
      "@aws-crypto/sha256-js" "2.0.0"
      "@aws-sdk/client-sts" "3.204.0"
      "@aws-sdk/config-resolver" "3.201.0"
      "@aws-sdk/credential-provider-node" "3.204.0"
      "@aws-sdk/fetch-http-handler" "3.204.0"
      "@aws-sdk/hash-node" "3.201.0"
      "@aws-sdk/invalid-dependency" "3.201.0"
      "@aws-sdk/middleware-content-length" "3.201.0"
      "@aws-sdk/middleware-endpoint" "3.201.0"
      "@aws-sdk/middleware-host-header" "3.201.0"
      "@aws-sdk/middleware-logger" "3.201.0"
      "@aws-sdk/middleware-recursion-detection" "3.201.0"
      "@aws-sdk/middleware-retry" "3.201.0"
      "@aws-sdk/middleware-serde" "3.201.0"
      "@aws-sdk/middleware-signing" "3.201.0"
      "@aws-sdk/middleware-stack" "3.201.0"
      "@aws-sdk/middleware-user-agent" "3.201.0"
      "@aws-sdk/node-config-provider" "3.201.0"
      "@aws-sdk/node-http-handler" "3.201.0"
      "@aws-sdk/protocol-http" "3.201.0"
      "@aws-sdk/smithy-client" "3.201.0"
      "@aws-sdk/types" "3.201.0"
      "@aws-sdk/url-parser" "3.201.0"
      "@aws-sdk/util-base64" "3.202.0"
      "@aws-sdk/util-base64-browser" "3.188.0"
      "@aws-sdk/util-base64-node" "3.201.0"
      "@aws-sdk/util-body-length-browser" "3.188.0"
      "@aws-sdk/util-body-length-node" "3.201.0"
      "@aws-sdk/util-defaults-mode-browser" "3.201.0"
      "@aws-sdk/util-defaults-mode-node" "3.201.0"
      "@aws-sdk/util-endpoints" "3.202.0"
      "@aws-sdk/util-user-agent-browser" "3.201.0"
      "@aws-sdk/util-user-agent-node" "3.201.0"
      "@aws-sdk/util-utf8-browser" "3.188.0"
      "@aws-sdk/util-utf8-node" "3.201.0"
      tslib "^2.3.1"
  
  "@aws-sdk/client-sso@3.204.0":
    version "3.204.0"
    resolved "https://registry.npmjs.org/@aws-sdk/client-sso/-/client-sso-3.204.0.tgz"
    integrity sha512-AECcNrcAQxV/Jlu8ogshRaYwt2jayx0omQJs/SXj70mWxmbk4MQnb+DqJIpPpOKBHaza/xlC2TKS1RzkiuZxyw==
    dependencies:
      "@aws-crypto/sha256-browser" "2.0.0"
      "@aws-crypto/sha256-js" "2.0.0"
      "@aws-sdk/config-resolver" "3.201.0"
      "@aws-sdk/fetch-http-handler" "3.204.0"
      "@aws-sdk/hash-node" "3.201.0"
      "@aws-sdk/invalid-dependency" "3.201.0"
      "@aws-sdk/middleware-content-length" "3.201.0"
      "@aws-sdk/middleware-endpoint" "3.201.0"
      "@aws-sdk/middleware-host-header" "3.201.0"
      "@aws-sdk/middleware-logger" "3.201.0"
      "@aws-sdk/middleware-recursion-detection" "3.201.0"
      "@aws-sdk/middleware-retry" "3.201.0"
      "@aws-sdk/middleware-serde" "3.201.0"
      "@aws-sdk/middleware-stack" "3.201.0"
      "@aws-sdk/middleware-user-agent" "3.201.0"
      "@aws-sdk/node-config-provider" "3.201.0"
      "@aws-sdk/node-http-handler" "3.201.0"
      "@aws-sdk/protocol-http" "3.201.0"
      "@aws-sdk/smithy-client" "3.201.0"
      "@aws-sdk/types" "3.201.0"
      "@aws-sdk/url-parser" "3.201.0"
      "@aws-sdk/util-base64" "3.202.0"
      "@aws-sdk/util-base64-browser" "3.188.0"
      "@aws-sdk/util-base64-node" "3.201.0"
      "@aws-sdk/util-body-length-browser" "3.188.0"
      "@aws-sdk/util-body-length-node" "3.201.0"
      "@aws-sdk/util-defaults-mode-browser" "3.201.0"
      "@aws-sdk/util-defaults-mode-node" "3.201.0"
      "@aws-sdk/util-endpoints" "3.202.0"
      "@aws-sdk/util-user-agent-browser" "3.201.0"
      "@aws-sdk/util-user-agent-node" "3.201.0"
      "@aws-sdk/util-utf8-browser" "3.188.0"
      "@aws-sdk/util-utf8-node" "3.201.0"
      tslib "^2.3.1"
  
  "@aws-sdk/client-sts@3.204.0":
    version "3.204.0"
    resolved "https://registry.npmjs.org/@aws-sdk/client-sts/-/client-sts-3.204.0.tgz"
    integrity sha512-Tp6FqENRw31XK5r5hul1JXnQgHBhbbXhoMebyFih6/zjpATaqg0bnV6tpww4yPi3uc+yDGXKw2/tDroSsyTsRA==
    dependencies:
      "@aws-crypto/sha256-browser" "2.0.0"
      "@aws-crypto/sha256-js" "2.0.0"
      "@aws-sdk/config-resolver" "3.201.0"
      "@aws-sdk/credential-provider-node" "3.204.0"
      "@aws-sdk/fetch-http-handler" "3.204.0"
      "@aws-sdk/hash-node" "3.201.0"
      "@aws-sdk/invalid-dependency" "3.201.0"
      "@aws-sdk/middleware-content-length" "3.201.0"
      "@aws-sdk/middleware-endpoint" "3.201.0"
      "@aws-sdk/middleware-host-header" "3.201.0"
      "@aws-sdk/middleware-logger" "3.201.0"
      "@aws-sdk/middleware-recursion-detection" "3.201.0"
      "@aws-sdk/middleware-retry" "3.201.0"
      "@aws-sdk/middleware-sdk-sts" "3.201.0"
      "@aws-sdk/middleware-serde" "3.201.0"
      "@aws-sdk/middleware-signing" "3.201.0"
      "@aws-sdk/middleware-stack" "3.201.0"
      "@aws-sdk/middleware-user-agent" "3.201.0"
      "@aws-sdk/node-config-provider" "3.201.0"
      "@aws-sdk/node-http-handler" "3.201.0"
      "@aws-sdk/protocol-http" "3.201.0"
      "@aws-sdk/smithy-client" "3.201.0"
      "@aws-sdk/types" "3.201.0"
      "@aws-sdk/url-parser" "3.201.0"
      "@aws-sdk/util-base64" "3.202.0"
      "@aws-sdk/util-base64-browser" "3.188.0"
      "@aws-sdk/util-base64-node" "3.201.0"
      "@aws-sdk/util-body-length-browser" "3.188.0"
      "@aws-sdk/util-body-length-node" "3.201.0"
      "@aws-sdk/util-defaults-mode-browser" "3.201.0"
      "@aws-sdk/util-defaults-mode-node" "3.201.0"
      "@aws-sdk/util-endpoints" "3.202.0"
      "@aws-sdk/util-user-agent-browser" "3.201.0"
      "@aws-sdk/util-user-agent-node" "3.201.0"
      "@aws-sdk/util-utf8-browser" "3.188.0"
      "@aws-sdk/util-utf8-node" "3.201.0"
      fast-xml-parser "4.0.11"
      tslib "^2.3.1"
  
  "@aws-sdk/config-resolver@3.201.0":
    version "3.201.0"
    resolved "https://registry.npmjs.org/@aws-sdk/config-resolver/-/config-resolver-3.201.0.tgz"
    integrity sha512-6YLIel7OGMGi+r8XC1A54cQJRIpx/NJ4fBALy44zFpQ+fdJUEmw4daUf1LECmAQiPA2Pr/hD0nBtX+wiiTf5/g==
    dependencies:
      "@aws-sdk/signature-v4" "3.201.0"
      "@aws-sdk/types" "3.201.0"
      "@aws-sdk/util-config-provider" "3.201.0"
      "@aws-sdk/util-middleware" "3.201.0"
      tslib "^2.3.1"
  
  "@aws-sdk/credential-provider-cognito-identity@3.204.0":
    version "3.204.0"
    resolved "https://registry.npmjs.org/@aws-sdk/credential-provider-cognito-identity/-/credential-provider-cognito-identity-3.204.0.tgz"
    integrity sha512-DmiGXe7pXWuJiAGphzY5cRaphRiU5DJ6Tcg/88Td3wnj22As5DCELetb7E2YC9DfwmKiWcGAKQaYQqWe5AzSqw==
    dependencies:
      "@aws-sdk/client-cognito-identity" "3.204.0"
      "@aws-sdk/property-provider" "3.201.0"
      "@aws-sdk/types" "3.201.0"
      tslib "^2.3.1"
  
  "@aws-sdk/credential-provider-env@3.201.0":
    version "3.201.0"
    resolved "https://registry.npmjs.org/@aws-sdk/credential-provider-env/-/credential-provider-env-3.201.0.tgz"
    integrity sha512-g2MJsowzFhSsIOITUjYp7EzWFeHINjEP526Uf+5z2/p2kxQVwYYWZQK7j+tPE2Bk3MEjGOCmVHbbE7IFj0rNHw==
    dependencies:
      "@aws-sdk/property-provider" "3.201.0"
      "@aws-sdk/types" "3.201.0"
      tslib "^2.3.1"
  
  "@aws-sdk/credential-provider-imds@3.201.0":
    version "3.201.0"
    resolved "https://registry.npmjs.org/@aws-sdk/credential-provider-imds/-/credential-provider-imds-3.201.0.tgz"
    integrity sha512-i8U2k3/L3iUWJJ1GSlwVBMfLQ2OTUT97E8yJi/xz5GavYuPOsUQWQe4fp7WGQivxh+AqybXAGFUCYub6zfUqag==
    dependencies:
      "@aws-sdk/node-config-provider" "3.201.0"
      "@aws-sdk/property-provider" "3.201.0"
      "@aws-sdk/types" "3.201.0"
      "@aws-sdk/url-parser" "3.201.0"
      tslib "^2.3.1"
  
  "@aws-sdk/credential-provider-ini@3.204.0":
    version "3.204.0"
    resolved "https://registry.npmjs.org/@aws-sdk/credential-provider-ini/-/credential-provider-ini-3.204.0.tgz"
    integrity sha512-ddtaS0ya5lgZZwfuJ/FuniroreLJ6yDgPAasol/rla9U5EU0qUEK1+6PX463exghUGjYfTqxdrKXhGYZfuEoIw==
    dependencies:
      "@aws-sdk/credential-provider-env" "3.201.0"
      "@aws-sdk/credential-provider-imds" "3.201.0"
      "@aws-sdk/credential-provider-sso" "3.204.0"
      "@aws-sdk/credential-provider-web-identity" "3.201.0"
      "@aws-sdk/property-provider" "3.201.0"
      "@aws-sdk/shared-ini-file-loader" "3.201.0"
      "@aws-sdk/types" "3.201.0"
      tslib "^2.3.1"
  
  "@aws-sdk/credential-provider-node@3.204.0":
    version "3.204.0"
    resolved "https://registry.npmjs.org/@aws-sdk/credential-provider-node/-/credential-provider-node-3.204.0.tgz"
    integrity sha512-kGbR5JE90zBGDS4cIz7tlUklMMeOm5oc5ES74YStLUacpQKwzVcHmDG8aT2DCONS/wEYysOIs5LygHurOJ/+Ww==
    dependencies:
      "@aws-sdk/credential-provider-env" "3.201.0"
      "@aws-sdk/credential-provider-imds" "3.201.0"
      "@aws-sdk/credential-provider-ini" "3.204.0"
      "@aws-sdk/credential-provider-process" "3.201.0"
      "@aws-sdk/credential-provider-sso" "3.204.0"
      "@aws-sdk/credential-provider-web-identity" "3.201.0"
      "@aws-sdk/property-provider" "3.201.0"
      "@aws-sdk/shared-ini-file-loader" "3.201.0"
      "@aws-sdk/types" "3.201.0"
      tslib "^2.3.1"
  
  "@aws-sdk/credential-provider-process@3.201.0":
    version "3.201.0"
    resolved "https://registry.npmjs.org/@aws-sdk/credential-provider-process/-/credential-provider-process-3.201.0.tgz"
    integrity sha512-jTK3HSZgNj/hVrWb0wuF/cPUWSJYoRI/80fnN55o6QLS8WWIgOI8o2PNeVTAT5OrKioSoN4fgKTeUm3DZy3npQ==
    dependencies:
      "@aws-sdk/property-provider" "3.201.0"
      "@aws-sdk/shared-ini-file-loader" "3.201.0"
      "@aws-sdk/types" "3.201.0"
      tslib "^2.3.1"
  
  "@aws-sdk/credential-provider-sso@3.204.0":
    version "3.204.0"
    resolved "https://registry.npmjs.org/@aws-sdk/credential-provider-sso/-/credential-provider-sso-3.204.0.tgz"
    integrity sha512-iS884Gda99x4zmdCK3XxFcceve4wB+wudpeTUm2wwX9AGrSzoUnLWqNXv/R8UAMAsKANaWMBkqv/bsHpsEitZw==
    dependencies:
      "@aws-sdk/client-sso" "3.204.0"
      "@aws-sdk/property-provider" "3.201.0"
      "@aws-sdk/shared-ini-file-loader" "3.201.0"
      "@aws-sdk/types" "3.201.0"
      tslib "^2.3.1"
  
  "@aws-sdk/credential-provider-web-identity@3.201.0":
    version "3.201.0"
    resolved "https://registry.npmjs.org/@aws-sdk/credential-provider-web-identity/-/credential-provider-web-identity-3.201.0.tgz"
    integrity sha512-U54bqhYaClPVZfswgknhlICp3BAtKXpOgHQCUF8cko5xUgbL4lVgd1rC3lWviGFMQAaTIF3QOXyEouemxr3VXw==
    dependencies:
      "@aws-sdk/property-provider" "3.201.0"
      "@aws-sdk/types" "3.201.0"
      tslib "^2.3.1"
  
  "@aws-sdk/credential-providers@^3.186.0":
    version "3.204.0"
    resolved "https://registry.npmjs.org/@aws-sdk/credential-providers/-/credential-providers-3.204.0.tgz"
    integrity sha512-XlVfSWoXAiuQb5Q053McnmqSvllojKAc8ecQiLgLXstXXcHrI36E4XH7VkMaNV8JPPdLQhmLxrj01vzUyoT47Q==
    dependencies:
      "@aws-sdk/client-cognito-identity" "3.204.0"
      "@aws-sdk/client-sso" "3.204.0"
      "@aws-sdk/client-sts" "3.204.0"
      "@aws-sdk/credential-provider-cognito-identity" "3.204.0"
      "@aws-sdk/credential-provider-env" "3.201.0"
      "@aws-sdk/credential-provider-imds" "3.201.0"
      "@aws-sdk/credential-provider-ini" "3.204.0"
      "@aws-sdk/credential-provider-node" "3.204.0"
      "@aws-sdk/credential-provider-process" "3.201.0"
      "@aws-sdk/credential-provider-sso" "3.204.0"
      "@aws-sdk/credential-provider-web-identity" "3.201.0"
      "@aws-sdk/property-provider" "3.201.0"
      "@aws-sdk/shared-ini-file-loader" "3.201.0"
      "@aws-sdk/types" "3.201.0"
      tslib "^2.3.1"
  
  "@aws-sdk/fetch-http-handler@3.204.0":
    version "3.204.0"
    resolved "https://registry.npmjs.org/@aws-sdk/fetch-http-handler/-/fetch-http-handler-3.204.0.tgz"
    integrity sha512-TfIhWYQ4CTjrD+FSuBcKMSVrqq8GCwqCfUyalWmSKo4JIFhN5OxUnOFb1/ecE/TJX+YgZ65w4qhVJVHHmh229Q==
    dependencies:
      "@aws-sdk/protocol-http" "3.201.0"
      "@aws-sdk/querystring-builder" "3.201.0"
      "@aws-sdk/types" "3.201.0"
      "@aws-sdk/util-base64" "3.202.0"
      tslib "^2.3.1"
  
  "@aws-sdk/hash-node@3.201.0":
    version "3.201.0"
    resolved "https://registry.npmjs.org/@aws-sdk/hash-node/-/hash-node-3.201.0.tgz"
    integrity sha512-WJsMZg5/TMoWnLM+0NuwLwFzHsi89Bi9J1Dt7JdJHXFLoEZV54FEz1PK/Sq5NOldhVljpXQwWOB2dHA2wxFztg==
    dependencies:
      "@aws-sdk/types" "3.201.0"
      "@aws-sdk/util-buffer-from" "3.201.0"
      tslib "^2.3.1"
  
  "@aws-sdk/invalid-dependency@3.201.0":
    version "3.201.0"
    resolved "https://registry.npmjs.org/@aws-sdk/invalid-dependency/-/invalid-dependency-3.201.0.tgz"
    integrity sha512-f/zgntOfIozNyKSaG9dvHjjBaR3y20kYNswMYkSuCM2NIT5LpyHiiq5I11TwaocatUFcDztWpcsv7vHpIgI5Ig==
    dependencies:
      "@aws-sdk/types" "3.201.0"
      tslib "^2.3.1"
  
  "@aws-sdk/is-array-buffer@3.201.0":
    version "3.201.0"
    resolved "https://registry.npmjs.org/@aws-sdk/is-array-buffer/-/is-array-buffer-3.201.0.tgz"
    integrity sha512-UPez5qLh3dNgt0DYnPD/q0mVJY84rA17QE26hVNOW3fAji8W2wrwrxdacWOxyXvlxWsVRcKmr+lay1MDqpAMfg==
    dependencies:
      tslib "^2.3.1"
  
  "@aws-sdk/middleware-content-length@3.201.0":
    version "3.201.0"
    resolved "https://registry.npmjs.org/@aws-sdk/middleware-content-length/-/middleware-content-length-3.201.0.tgz"
    integrity sha512-p4G9AtdrKO8A3Z4RyZiy0isEYwuge7bQRBS7UzcGkcIOhJONq2pcM+gRZYz+NWvfYYNWUg5uODsFQfU8342yKg==
    dependencies:
      "@aws-sdk/protocol-http" "3.201.0"
      "@aws-sdk/types" "3.201.0"
      tslib "^2.3.1"
  
  "@aws-sdk/middleware-endpoint@3.201.0":
    version "3.201.0"
    resolved "https://registry.npmjs.org/@aws-sdk/middleware-endpoint/-/middleware-endpoint-3.201.0.tgz"
    integrity sha512-F3JlXo5GusbeZR956hA9VxmDxUeg77Xh6o8fveAE2+G4Bjcb1iq9jPNlw6A14vDj3oTKenv2LLnjL2OIfl6hRA==
    dependencies:
      "@aws-sdk/middleware-serde" "3.201.0"
      "@aws-sdk/protocol-http" "3.201.0"
      "@aws-sdk/signature-v4" "3.201.0"
      "@aws-sdk/types" "3.201.0"
      "@aws-sdk/url-parser" "3.201.0"
      "@aws-sdk/util-config-provider" "3.201.0"
      "@aws-sdk/util-middleware" "3.201.0"
      tslib "^2.3.1"
  
  "@aws-sdk/middleware-host-header@3.201.0":
    version "3.201.0"
    resolved "https://registry.npmjs.org/@aws-sdk/middleware-host-header/-/middleware-host-header-3.201.0.tgz"
    integrity sha512-7KNzdV7nFcKAoahvgGAlzsOq9FFDsU5h3w2iPtVdJhz6ZRDH/2v6WFeUCji+UNZip36gFfMPivoO8Y5smb5r/A==
    dependencies:
      "@aws-sdk/protocol-http" "3.201.0"
      "@aws-sdk/types" "3.201.0"
      tslib "^2.3.1"
  
  "@aws-sdk/middleware-logger@3.201.0":
    version "3.201.0"
    resolved "https://registry.npmjs.org/@aws-sdk/middleware-logger/-/middleware-logger-3.201.0.tgz"
    integrity sha512-kYLsa9x3oUJxYU7V5KOO50Kl7b0kk+I4ltkrdarLvvXcVI7ZXmWHzHLT2dkUhj8S0ceVdi0FYHVPJ3GoE8re4A==
    dependencies:
      "@aws-sdk/types" "3.201.0"
      tslib "^2.3.1"
  
  "@aws-sdk/middleware-recursion-detection@3.201.0":
    version "3.201.0"
    resolved "https://registry.npmjs.org/@aws-sdk/middleware-recursion-detection/-/middleware-recursion-detection-3.201.0.tgz"
    integrity sha512-NGOr+n559ZcJLdFoJR8LNGdrOJFIp2BTuWEDYeicNdNb0bETTXrkzcfT1BRhV9CWqCDmjFvjdrzbhS0cw/UUGA==
    dependencies:
      "@aws-sdk/protocol-http" "3.201.0"
      "@aws-sdk/types" "3.201.0"
      tslib "^2.3.1"
  
  "@aws-sdk/middleware-retry@3.201.0":
    version "3.201.0"
    resolved "https://registry.npmjs.org/@aws-sdk/middleware-retry/-/middleware-retry-3.201.0.tgz"
    integrity sha512-4jQjSKCpSc4oB1X9nNq4FbIAwQrr+mvmUSmg/oe2Llf42Ak1G9gg3rNTtQdfzA/wNMlL4ZFfF5Br+uz06e1hnQ==
    dependencies:
      "@aws-sdk/protocol-http" "3.201.0"
      "@aws-sdk/service-error-classification" "3.201.0"
      "@aws-sdk/types" "3.201.0"
      "@aws-sdk/util-middleware" "3.201.0"
      tslib "^2.3.1"
      uuid "^8.3.2"
  
  "@aws-sdk/middleware-sdk-sts@3.201.0":
    version "3.201.0"
    resolved "https://registry.npmjs.org/@aws-sdk/middleware-sdk-sts/-/middleware-sdk-sts-3.201.0.tgz"
    integrity sha512-clZuXcoN0mAP4JH5C6pW5+0tdF25+fpFJqE7GNRjjH/NYNk6ImVI0Kq2espEWwVBuaS0/chTDK3b+pK8YOWdhw==
    dependencies:
      "@aws-sdk/middleware-signing" "3.201.0"
      "@aws-sdk/property-provider" "3.201.0"
      "@aws-sdk/protocol-http" "3.201.0"
      "@aws-sdk/signature-v4" "3.201.0"
      "@aws-sdk/types" "3.201.0"
      tslib "^2.3.1"
  
  "@aws-sdk/middleware-serde@3.201.0":
    version "3.201.0"
    resolved "https://registry.npmjs.org/@aws-sdk/middleware-serde/-/middleware-serde-3.201.0.tgz"
    integrity sha512-Z7AzIuqEDvsZmp80zeT1oYxsoB8uQZby20Z8kF6/vNoq3sIzaGf/wHeNn0p+Vgo2auGSbZcVUZKoDptQLSLwIQ==
    dependencies:
      "@aws-sdk/types" "3.201.0"
      tslib "^2.3.1"
  
  "@aws-sdk/middleware-signing@3.201.0":
    version "3.201.0"
    resolved "https://registry.npmjs.org/@aws-sdk/middleware-signing/-/middleware-signing-3.201.0.tgz"
    integrity sha512-08ri5+mB28tva9RjVIXFcUP5lRTx+Pj8C2HYqF2GL5H3uAo+h3RQ++fEG1uwUMLf7tCEFivcw6SHA1KmCnB7+w==
    dependencies:
      "@aws-sdk/property-provider" "3.201.0"
      "@aws-sdk/protocol-http" "3.201.0"
      "@aws-sdk/signature-v4" "3.201.0"
      "@aws-sdk/types" "3.201.0"
      "@aws-sdk/util-middleware" "3.201.0"
      tslib "^2.3.1"
  
  "@aws-sdk/middleware-stack@3.201.0":
    version "3.201.0"
    resolved "https://registry.npmjs.org/@aws-sdk/middleware-stack/-/middleware-stack-3.201.0.tgz"
    integrity sha512-lqHYSBP5FBxzA5w5XiYYYpfXabFzleXonqRkqZts1tapNJ4sOd+itiKG8JoNP7LDOwJ8qxNW/a33/gQeh3wkwQ==
    dependencies:
      tslib "^2.3.1"
  
  "@aws-sdk/middleware-user-agent@3.201.0":
    version "3.201.0"
    resolved "https://registry.npmjs.org/@aws-sdk/middleware-user-agent/-/middleware-user-agent-3.201.0.tgz"
    integrity sha512-/rYZ93WN1gDJudXis/0382CEoTqRa4qZJA608u2EPWs5aiMocUrm7pjH5XvKm2OYX8K/lyaMSBvL2OTIMzXGaQ==
    dependencies:
      "@aws-sdk/protocol-http" "3.201.0"
      "@aws-sdk/types" "3.201.0"
      tslib "^2.3.1"
  
  "@aws-sdk/node-config-provider@3.201.0":
    version "3.201.0"
    resolved "https://registry.npmjs.org/@aws-sdk/node-config-provider/-/node-config-provider-3.201.0.tgz"
    integrity sha512-JO0K2qPTYn+pPC7g8rWr1oueg9CqGCkYbINuAuz79vjToOLUQnZT9GiFm7QADe6J6RT1oGEKRQabNaJnp8cFpQ==
    dependencies:
      "@aws-sdk/property-provider" "3.201.0"
      "@aws-sdk/shared-ini-file-loader" "3.201.0"
      "@aws-sdk/types" "3.201.0"
      tslib "^2.3.1"
  
  "@aws-sdk/node-http-handler@3.201.0":
    version "3.201.0"
    resolved "https://registry.npmjs.org/@aws-sdk/node-http-handler/-/node-http-handler-3.201.0.tgz"
    integrity sha512-bWjXBd4WCiQcV4PwY+eFnlz9tZ4UiqfiJteav4MDt8YWkVlsVnR8RutmVSm3KZZjO2tJNSrla0ZWBebkNnI/Xg==
    dependencies:
      "@aws-sdk/abort-controller" "3.201.0"
      "@aws-sdk/protocol-http" "3.201.0"
      "@aws-sdk/querystring-builder" "3.201.0"
      "@aws-sdk/types" "3.201.0"
      tslib "^2.3.1"
  
  "@aws-sdk/property-provider@3.201.0":
    version "3.201.0"
    resolved "https://registry.npmjs.org/@aws-sdk/property-provider/-/property-provider-3.201.0.tgz"
    integrity sha512-lVMP75VsYHIW04uYbkjA0I8Bb7b+aEj6PBBLdFoA22S0uCeJOD42OSr2Gtg2fToDGO7LQJw/K2D+LMCYKfZ3vQ==
    dependencies:
      "@aws-sdk/types" "3.201.0"
      tslib "^2.3.1"
  
  "@aws-sdk/protocol-http@3.201.0":
    version "3.201.0"
    resolved "https://registry.npmjs.org/@aws-sdk/protocol-http/-/protocol-http-3.201.0.tgz"
    integrity sha512-RdOc1elWFpj8MogxG87nkhtylw0a+OD7W8WFM+Gw4yJMkl7cwW42VIBFfb0+KCGZfIQltIeSLRvfe3WvVPyo7Q==
    dependencies:
      "@aws-sdk/types" "3.201.0"
      tslib "^2.3.1"
  
  "@aws-sdk/querystring-builder@3.201.0":
    version "3.201.0"
    resolved "https://registry.npmjs.org/@aws-sdk/querystring-builder/-/querystring-builder-3.201.0.tgz"
    integrity sha512-FgQnVHpYR19w/HmHEgWpykCn9tdogW0n45Ins6LBCo2aImDf9kBATD4xgN/F2rtogGuLGgu5LIIMHIOj1Tzs/w==
    dependencies:
      "@aws-sdk/types" "3.201.0"
      "@aws-sdk/util-uri-escape" "3.201.0"
      tslib "^2.3.1"
  
  "@aws-sdk/querystring-parser@3.201.0":
    version "3.201.0"
    resolved "https://registry.npmjs.org/@aws-sdk/querystring-parser/-/querystring-parser-3.201.0.tgz"
    integrity sha512-vS9Ljbqrwi0sIKYxgyZYJUN1AcE291hvuqwty9etgD2w/26SbWiMhjIW/fXJUOZjUvGKkYCpbivJYSzAGAuWfQ==
    dependencies:
      "@aws-sdk/types" "3.201.0"
      tslib "^2.3.1"
  
  "@aws-sdk/service-error-classification@3.201.0":
    version "3.201.0"
    resolved "https://registry.npmjs.org/@aws-sdk/service-error-classification/-/service-error-classification-3.201.0.tgz"
    integrity sha512-Pfcfmurgq8UpM0rXco6FVblcruqN4Mo3TW8/yaXrbctWpmdNT/8v19fffQIIgk94TU8Vf/nPJ7E5DXL7MZr4Fw==
  
  "@aws-sdk/shared-ini-file-loader@3.201.0":
    version "3.201.0"
    resolved "https://registry.npmjs.org/@aws-sdk/shared-ini-file-loader/-/shared-ini-file-loader-3.201.0.tgz"
    integrity sha512-Pbxk0TXep0yI8MnK7Prly6JuBm5Me9AITav8/zPEgTZ3fMhXhQhhiuQcuTCI9GeosSzoiu8VvK53oPtBZZFnXQ==
    dependencies:
      "@aws-sdk/types" "3.201.0"
      tslib "^2.3.1"
  
  "@aws-sdk/signature-v4@3.201.0":
    version "3.201.0"
    resolved "https://registry.npmjs.org/@aws-sdk/signature-v4/-/signature-v4-3.201.0.tgz"
    integrity sha512-zEHoG1/hzJq169slggkPy1SN9YPWI78Bbe/MvHGYmCmQDspblu60JSBIbAatNqAxAmcWKc2HqpyGKjCkMG94ZA==
    dependencies:
      "@aws-sdk/is-array-buffer" "3.201.0"
      "@aws-sdk/types" "3.201.0"
      "@aws-sdk/util-hex-encoding" "3.201.0"
      "@aws-sdk/util-middleware" "3.201.0"
      "@aws-sdk/util-uri-escape" "3.201.0"
      tslib "^2.3.1"
  
  "@aws-sdk/smithy-client@3.201.0":
    version "3.201.0"
    resolved "https://registry.npmjs.org/@aws-sdk/smithy-client/-/smithy-client-3.201.0.tgz"
    integrity sha512-cL87Jgxczee8YFkWGWKQ2Ze0vjn4+eCa1kDvEYMCOQvNujTuFgatXLgije5a7nVkSnL9WLoIP7Y7fsBGrKfMnQ==
    dependencies:
      "@aws-sdk/middleware-stack" "3.201.0"
      "@aws-sdk/types" "3.201.0"
      tslib "^2.3.1"
  
  "@aws-sdk/types@3.201.0", "@aws-sdk/types@^3.1.0", "@aws-sdk/types@^3.110.0":
    version "3.201.0"
    resolved "https://registry.npmjs.org/@aws-sdk/types/-/types-3.201.0.tgz"
    integrity sha512-RCQj2pQyHD330Jd4c5CHJ87k2ZqC3Mmtl6nhwH1dy3vbnGUpc3q+3yinOKoTAY934kIa7ia32Y/2EjuyHxaj1A==
  
  "@aws-sdk/url-parser@3.201.0":
    version "3.201.0"
    resolved "https://registry.npmjs.org/@aws-sdk/url-parser/-/url-parser-3.201.0.tgz"
    integrity sha512-V15aqj0tj4Y79VpuIdHUvX4Nvn4hYPB0RAn/qg5CCComIl0doLOirAQtW1MOBOyctdRlD9Uv7d1QdPLzJZMHjQ==
    dependencies:
      "@aws-sdk/querystring-parser" "3.201.0"
      "@aws-sdk/types" "3.201.0"
      tslib "^2.3.1"
  
  "@aws-sdk/util-base64-browser@3.188.0":
    version "3.188.0"
    resolved "https://registry.npmjs.org/@aws-sdk/util-base64-browser/-/util-base64-browser-3.188.0.tgz"
    integrity sha512-qlH+5NZBLiyKziL335BEPedYxX6j+p7KFRWXvDQox9S+s+gLCayednpK+fteOhBenCcR9fUZOVuAPScy1I8qCg==
    dependencies:
      tslib "^2.3.1"
  
  "@aws-sdk/util-base64-node@3.201.0":
    version "3.201.0"
    resolved "https://registry.npmjs.org/@aws-sdk/util-base64-node/-/util-base64-node-3.201.0.tgz"
    integrity sha512-ydZqNpB3l5kiicInpPDExPb5xHI7uyVIa1vMupnuIrJ412iNb0F2+K8LlFynzw6fSJShVKnqFcWOYRA96z1iIw==
    dependencies:
      "@aws-sdk/util-buffer-from" "3.201.0"
      tslib "^2.3.1"
  
  "@aws-sdk/util-base64@3.202.0":
    version "3.202.0"
    resolved "https://registry.npmjs.org/@aws-sdk/util-base64/-/util-base64-3.202.0.tgz"
    integrity sha512-0QlvxCSU2CITeR/x87zls9ma+CkN3EXRGM3M5XnHWaneDI9K+O2uPpAbDfLh0SBJyO0AfIMn7Vh/BvnNNPEDpg==
    dependencies:
      "@aws-sdk/util-buffer-from" "3.201.0"
      tslib "^2.3.1"
  
  "@aws-sdk/util-body-length-browser@3.188.0":
    version "3.188.0"
    resolved "https://registry.npmjs.org/@aws-sdk/util-body-length-browser/-/util-body-length-browser-3.188.0.tgz"
    integrity sha512-8VpnwFWXhnZ/iRSl9mTf+VKOX9wDE8QtN4bj9pBfxwf90H1X7E8T6NkiZD3k+HubYf2J94e7DbeHs7fuCPW5Qg==
    dependencies:
      tslib "^2.3.1"
  
  "@aws-sdk/util-body-length-node@3.201.0":
    version "3.201.0"
    resolved "https://registry.npmjs.org/@aws-sdk/util-body-length-node/-/util-body-length-node-3.201.0.tgz"
    integrity sha512-q+gwQoLn/DOwirb2hgZJeEwo1D3vLhoD6FfSV42Ecfvtb4jHnWReWMHguujfCubuDgZCrMEvYQzuocS75HHsbA==
    dependencies:
      tslib "^2.3.1"
  
  "@aws-sdk/util-buffer-from@3.201.0":
    version "3.201.0"
    resolved "https://registry.npmjs.org/@aws-sdk/util-buffer-from/-/util-buffer-from-3.201.0.tgz"
    integrity sha512-s6Wjltd9vU+vR3n0pqSPmNDcrrkrVTdV4t7x2zz3nDsFKTI77iVNafDmuaUlOA/bIlpjCJqaWecoVrZmEKeR7A==
    dependencies:
      "@aws-sdk/is-array-buffer" "3.201.0"
      tslib "^2.3.1"
  
  "@aws-sdk/util-config-provider@3.201.0":
    version "3.201.0"
    resolved "https://registry.npmjs.org/@aws-sdk/util-config-provider/-/util-config-provider-3.201.0.tgz"
    integrity sha512-cCRJlnRRP8vrLJomzJRBIyiyohsjJKmnIaQ9t0tAhGCywZbyjx6TlpYRZYfVWo+MwdF1Pi8ZScTrFPW0JuBOIQ==
    dependencies:
      tslib "^2.3.1"
  
  "@aws-sdk/util-defaults-mode-browser@3.201.0":
    version "3.201.0"
    resolved "https://registry.npmjs.org/@aws-sdk/util-defaults-mode-browser/-/util-defaults-mode-browser-3.201.0.tgz"
    integrity sha512-skRMAM+xrV/sDvvtHC81ExEKQEiZFaRrRdUT39fBX1SpGnFTo2wpv7XK+rAW2XopGgnLPytXLQD97Kub79o4zA==
    dependencies:
      "@aws-sdk/property-provider" "3.201.0"
      "@aws-sdk/types" "3.201.0"
      bowser "^2.11.0"
      tslib "^2.3.1"
  
  "@aws-sdk/util-defaults-mode-node@3.201.0":
    version "3.201.0"
    resolved "https://registry.npmjs.org/@aws-sdk/util-defaults-mode-node/-/util-defaults-mode-node-3.201.0.tgz"
    integrity sha512-9N5LXRhxigbkbEcjQ4nNXHuQxp0VFlbc2/5wbcuPjIKX/OROiQI4mYQ6nuSKk7eku5sNFb9FtEHeD/RZo8od6Q==
    dependencies:
      "@aws-sdk/config-resolver" "3.201.0"
      "@aws-sdk/credential-provider-imds" "3.201.0"
      "@aws-sdk/node-config-provider" "3.201.0"
      "@aws-sdk/property-provider" "3.201.0"
      "@aws-sdk/types" "3.201.0"
      tslib "^2.3.1"
  
  "@aws-sdk/util-endpoints@3.202.0":
    version "3.202.0"
    resolved "https://registry.npmjs.org/@aws-sdk/util-endpoints/-/util-endpoints-3.202.0.tgz"
    integrity sha512-sNees5uDp7nfEbvzaA1DAHqoEvEb9ZOkdNH5gcj/FMBETbr00YtsuXsTZogTHQsX/otRTiudZBE3iH7R4SLSAQ==
    dependencies:
      "@aws-sdk/types" "3.201.0"
      tslib "^2.3.1"
  
  "@aws-sdk/util-hex-encoding@3.201.0":
    version "3.201.0"
    resolved "https://registry.npmjs.org/@aws-sdk/util-hex-encoding/-/util-hex-encoding-3.201.0.tgz"
    integrity sha512-7t1vR1pVxKx0motd3X9rI3m/xNp78p3sHtP5yo4NP4ARpxyJ0fokBomY8ScaH2D/B+U5o9ARxldJUdMqyBlJcA==
    dependencies:
      tslib "^2.3.1"
  
  "@aws-sdk/util-locate-window@^3.0.0":
    version "3.201.0"
    resolved "https://registry.npmjs.org/@aws-sdk/util-locate-window/-/util-locate-window-3.201.0.tgz"
    integrity sha512-hPJgifWh/rADabLAk1C9xXA2B3O4NUmbU58KgBRgC1HksiiHGFVZObB5fkBH8US/XV2jwORkpSf4OhretXQuKg==
    dependencies:
      tslib "^2.3.1"
  
  "@aws-sdk/util-middleware@3.201.0":
    version "3.201.0"
    resolved "https://registry.npmjs.org/@aws-sdk/util-middleware/-/util-middleware-3.201.0.tgz"
    integrity sha512-iAitcEZo17IyKn4ku1IBgtomr25esu5OuSRjw5Or4bNOeqXB0w50cItf/9qft8LIhbvBEAUtNAYXvqNzvhTZdQ==
    dependencies:
      tslib "^2.3.1"
  
  "@aws-sdk/util-uri-escape@3.201.0":
    version "3.201.0"
    resolved "https://registry.npmjs.org/@aws-sdk/util-uri-escape/-/util-uri-escape-3.201.0.tgz"
    integrity sha512-TeTWbGx4LU2c5rx0obHeDFeO9HvwYwQtMh1yniBz00pQb6Qt6YVOETVQikRZ+XRQwEyCg/dA375UplIpiy54mA==
    dependencies:
      tslib "^2.3.1"
  
  "@aws-sdk/util-user-agent-browser@3.201.0":
    version "3.201.0"
    resolved "https://registry.npmjs.org/@aws-sdk/util-user-agent-browser/-/util-user-agent-browser-3.201.0.tgz"
    integrity sha512-iL2gyz7GuUVtZcMZpqvfxdFrl9hc28qpagymmJ/w2yhN86YNPHdK8Sx1Yo6VxNGVDCCWGb7tHXf7VP+U4Yv/Lg==
    dependencies:
      "@aws-sdk/types" "3.201.0"
      bowser "^2.11.0"
      tslib "^2.3.1"
  
  "@aws-sdk/util-user-agent-node@3.201.0":
    version "3.201.0"
    resolved "https://registry.npmjs.org/@aws-sdk/util-user-agent-node/-/util-user-agent-node-3.201.0.tgz"
    integrity sha512-6lhhvwB3AZSISnYQpDGdlyTrzfYK2P9QYjy7vZEBRd9TSOaggiFICXe03ZvZfVOSeg0EInlMKn1fIHzPUHRuHQ==
    dependencies:
      "@aws-sdk/node-config-provider" "3.201.0"
      "@aws-sdk/types" "3.201.0"
      tslib "^2.3.1"
  
  "@aws-sdk/util-utf8-browser@3.188.0", "@aws-sdk/util-utf8-browser@^3.0.0":
    version "3.188.0"
    resolved "https://registry.npmjs.org/@aws-sdk/util-utf8-browser/-/util-utf8-browser-3.188.0.tgz"
    integrity sha512-jt627x0+jE+Ydr9NwkFstg3cUvgWh56qdaqAMDsqgRlKD21md/6G226z/Qxl7lb1VEW2LlmCx43ai/37Qwcj2Q==
    dependencies:
      tslib "^2.3.1"
  
  "@aws-sdk/util-utf8-node@3.201.0":
    version "3.201.0"
    resolved "https://registry.npmjs.org/@aws-sdk/util-utf8-node/-/util-utf8-node-3.201.0.tgz"
    integrity sha512-A+bJFR/1rHYOJg137E69L1sX0I+LH+xf9ZjMXG9BVO0hSo7yDPoJVpHrzTJyOc3tuRITjIGBv9Qi4TKcoOSi1A==
    dependencies:
      "@aws-sdk/util-buffer-from" "3.201.0"
      tslib "^2.3.1"
  
  "@babel/runtime@^7.15.4":
    version "7.20.1"
    resolved "https://registry.npmjs.org/@babel/runtime/-/runtime-7.20.1.tgz"
    integrity sha512-mrzLkl6U9YLF8qpqI7TB82PESyEGjm/0Ly91jG575eVxMMlb8fYfOXFZIJ8XfLrJZQbm7dlKry2bJmXBUEkdFg==
    dependencies:
      regenerator-runtime "^0.13.10"
  
  "@types/lodash@^4.14.175":
    version "4.14.188"
    resolved "https://registry.npmjs.org/@types/lodash/-/lodash-4.14.188.tgz"
    integrity sha512-zmEmF5OIM3rb7SbLCFYoQhO4dGt2FRM9AMkxvA3LaADOF1n8in/zGJlWji9fmafLoNyz+FoL6FE0SLtGIArD7w==
  
  "@types/node@*":
    version "18.11.9"
    resolved "https://registry.npmjs.org/@types/node/-/node-18.11.9.tgz"
    integrity sha512-CRpX21/kGdzjOpFsZSkcrXMGIBWMGNIHXXBVFSH+ggkftxg+XYP20TESbh+zFvFj3EQOl5byk0HTRn1IL6hbqg==
  
  "@types/webidl-conversions@*":
    version "7.0.0"
    resolved "https://registry.npmjs.org/@types/webidl-conversions/-/webidl-conversions-7.0.0.tgz"
    integrity sha512-xTE1E+YF4aWPJJeUzaZI5DRntlkY3+BCVJi0axFptnjGmAoWxkyREIh/XMrfxVLejwQxMCfDXdICo0VLxThrog==
  
  "@types/whatwg-url@^8.2.1":
    version "8.2.2"
    resolved "https://registry.npmjs.org/@types/whatwg-url/-/whatwg-url-8.2.2.tgz"
    integrity sha512-FtQu10RWgn3D9U4aazdwIE2yzphmTJREDqNdODHrbrZmmMqI0vMheC/6NE/J1Yveaj8H+ela+YwWTjq5PGmuhA==
    dependencies:
      "@types/node" "*"
      "@types/webidl-conversions" "*"
  
  accepts@~1.3.8:
    version "1.3.8"
    resolved "https://registry.yarnpkg.com/accepts/-/accepts-1.3.8.tgz#0bf0be125b67014adcb0b0921e62db7bffe16b2e"
    integrity sha512-PYAthTa2m2VKxuvSD3DPC/Gy+U+sOA1LAuT8mkmRuvw+NACSaeXEQ+NHcVF7rONl6qcaxV3Uuemwawk+7+SJLw==
    dependencies:
      mime-types "~2.1.34"
      negotiator "0.6.3"
  
  array-flatten@1.1.1:
    version "1.1.1"
    resolved "https://registry.yarnpkg.com/array-flatten/-/array-flatten-1.1.1.tgz#9a5f699051b1e7073328f2a008968b64ea2955d2"
    integrity sha512-PCVAQswWemu6UdxsDFFX/+gVeYqKAod3D3UVm91jHwynguOwAvYPhx8nNlM++NqRcK6CxxpUafjmhIdKiHibqg==
  
  base64-js@^1.3.1:
    version "1.5.1"
    resolved "https://registry.npmjs.org/base64-js/-/base64-js-1.5.1.tgz"
    integrity sha512-AKpaYlHn8t4SVbOHCy+b5+KKgvR4vrsD8vbvrbiQJps7fKDTkjkDry6ji0rUJjC0kzbNePLwzxq8iypo41qeWA==
  
  body-parser@1.20.1, body-parser@^1.20.1:
    version "1.20.1"
    resolved "https://registry.npmjs.org/body-parser/-/body-parser-1.20.1.tgz"
    integrity sha512-jWi7abTbYwajOytWCQc37VulmWiRae5RyTpaCyDcS5/lMdtwSz5lOpDE67srw/HYe35f1z3fDQw+3txg7gNtWw==
    dependencies:
      bytes "3.1.2"
      content-type "~1.0.4"
      debug "2.6.9"
      depd "2.0.0"
      destroy "1.2.0"
      http-errors "2.0.0"
      iconv-lite "0.4.24"
      on-finished "2.4.1"
      qs "6.11.0"
      raw-body "2.5.1"
      type-is "~1.6.18"
      unpipe "1.0.0"
  
  bowser@^2.11.0:
    version "2.11.0"
    resolved "https://registry.npmjs.org/bowser/-/bowser-2.11.0.tgz"
    integrity sha512-AlcaJBi/pqqJBIQ8U9Mcpc9i8Aqxn88Skv5d+xBX006BY5u8N3mGLHa5Lgppa7L/HfwgwLgZ6NYs+Ag6uUmJRA==
  
  bson@^4.7.0:
    version "4.7.0"
    resolved "https://registry.npmjs.org/bson/-/bson-4.7.0.tgz"
    integrity sha512-VrlEE4vuiO1WTpfof4VmaVolCVYkYTgB9iWgYNOrVlnifpME/06fhFRmONgBhClD5pFC1t9ZWqFUQEQAzY43bA==
    dependencies:
      buffer "^5.6.0"
  
  buffer@^5.6.0:
    version "5.7.1"
    resolved "https://registry.npmjs.org/buffer/-/buffer-5.7.1.tgz"
    integrity sha512-EHcyIPBQ4BSGlvjB16k5KgAJ27CIsHY/2JBmCRReo48y9rQ3MaUzWX3KVlBa4U7MyX02HdVj0K7C3WaB3ju7FQ==
    dependencies:
      base64-js "^1.3.1"
      ieee754 "^1.1.13"
  
  bytes@3.1.2:
    version "3.1.2"
    resolved "https://registry.npmjs.org/bytes/-/bytes-3.1.2.tgz"
    integrity sha512-/Nf7TyzTx6S3yRJObOAV7956r8cr2+Oj8AC5dt8wSP3BQAoeX58NoHyCU8P8zGkNXStjTSi6fzO6F0pBdcYbEg==
  
  call-bind@^1.0.0:
    version "1.0.2"
    resolved "https://registry.npmjs.org/call-bind/-/call-bind-1.0.2.tgz"
    integrity sha512-7O+FbCihrB5WGbFYesctwmTKae6rOiIzmz1icreWJ+0aA7LJfuqhEso2T9ncpcFtzMQtzXf2QGGueWJGTYsqrA==
    dependencies:
      function-bind "^1.1.1"
      get-intrinsic "^1.0.2"
  
  commander@0.6.1:
    version "0.6.1"
    resolved "https://registry.npmjs.org/commander/-/commander-0.6.1.tgz"
    integrity sha512-0fLycpl1UMTGX257hRsu/arL/cUbcvQM4zMKwvLvzXtfdezIV4yotPS2dYtknF+NmEfWSoCEF6+hj9XLm/6hEw==
  
  config@^3.3.8:
    version "3.3.8"
    resolved "https://registry.npmjs.org/config/-/config-3.3.8.tgz"
    integrity sha512-rFzF6VESOdp7wAXFlB9IOZI4ouL05g3A03v2eRcTHj2JBQaTNJ40zhAUl5wRbWHqLZ+uqp/7OE0BWWtAVgrong==
    dependencies:
      json5 "^2.2.1"
  
  content-disposition@0.5.4:
    version "0.5.4"
    resolved "https://registry.yarnpkg.com/content-disposition/-/content-disposition-0.5.4.tgz#8b82b4efac82512a02bb0b1dcec9d2c5e8eb5bfe"
    integrity sha512-FveZTNuGw04cxlAiWbzi6zTAL/lhehaWbTtgluJh4/E95DqMwTmha3KZN1aAWA8cFIhHzMZUvLevkw5Rqk+tSQ==
    dependencies:
      safe-buffer "5.2.1"
  
  content-type@~1.0.4:
    version "1.0.4"
    resolved "https://registry.npmjs.org/content-type/-/content-type-1.0.4.tgz"
    integrity sha512-hIP3EEPs8tB9AT1L+NUqtwOAps4mk2Zob89MWXMHjHWg9milF/j4osnnQLXBCBFBk/tvIG/tUc9mOUJiPBhPXA==
  
  cookie-signature@1.0.6:
    version "1.0.6"
    resolved "https://registry.yarnpkg.com/cookie-signature/-/cookie-signature-1.0.6.tgz#e303a882b342cc3ee8ca513a79999734dab3ae2c"
    integrity sha512-QADzlaHc8icV8I7vbaJXJwod9HWYp8uCqf1xa4OfNu1T7JVxQIrUgOWtHdNDtPiywmFbiS12VjotIXLrKM3orQ==
  
  cookie@0.5.0:
    version "0.5.0"
    resolved "https://registry.yarnpkg.com/cookie/-/cookie-0.5.0.tgz#d1f5d71adec6558c58f389987c366aa47e994f8b"
    integrity sha512-YZ3GUyn/o8gfKJlnlX7g7xq4gyO6OSuhGPKaaGssGB2qgDUS0gPgtTvoyZLTt9Ab6dC4hfc9dV5arkvc/OCmrw==
  
  cors@^2.8.5:
    version "2.8.5"
    resolved "https://registry.npmjs.org/cors/-/cors-2.8.5.tgz"
    integrity sha512-KIHbLJqu73RGr/hnbrO9uBeixNGuvSQjul/jdFvS/KFSIH1hWVd1ng7zOHx+YrEfInLG7q4n6GHQ9cDtxv/P6g==
    dependencies:
      object-assign "^4"
      vary "^1"
  
  debug@2.6.9:
    version "2.6.9"
    resolved "https://registry.npmjs.org/debug/-/debug-2.6.9.tgz"
    integrity sha512-bC7ElrdJaJnPbAP+1EotYvqZsb3ecl5wi6Bfi6BJTUcNowp6cvspg0jXznRTKDjm/E7AdgFBVeAPVMNcKGsHMA==
    dependencies:
      ms "2.0.0"
  
  debug@4.x:
    version "4.3.4"
    resolved "https://registry.npmjs.org/debug/-/debug-4.3.4.tgz"
    integrity sha512-PRWFHuSU3eDtQJPvnNY7Jcket1j0t5OuOsFzPPzsekD52Zl8qUfFIPEiswXqIvHWGVHOgX+7G/vCNNhehwxfkQ==
    dependencies:
      ms "2.1.2"
  
  denque@^2.1.0:
    version "2.1.0"
    resolved "https://registry.npmjs.org/denque/-/denque-2.1.0.tgz"
    integrity sha512-HVQE3AAb/pxF8fQAoiqpvg9i3evqug3hoiwakOyZAwJm+6vZehbkYXZ0l4JxS+I3QxM97v5aaRNhj8v5oBhekw==
  
  depd@2.0.0:
    version "2.0.0"
    resolved "https://registry.npmjs.org/depd/-/depd-2.0.0.tgz"
    integrity sha512-g7nH6P6dyDioJogAAGprGpCtVImJhpPk/roCzdb3fIh61/s/nPsfR6onyMwkCAR/OlC3yBC0lESvUoQEAssIrw==
  
  destroy@1.2.0:
    version "1.2.0"
    resolved "https://registry.npmjs.org/destroy/-/destroy-1.2.0.tgz"
    integrity sha512-2sJGJTaXIIaR1w4iJSNoN0hnMY7Gpc/n8D4qSCJw8QqFWXf7cuAgnEHxBpweaVcPevC2l3KpjYCx3NypQQgaJg==
  
  ee-first@1.1.1:
    version "1.1.1"
    resolved "https://registry.npmjs.org/ee-first/-/ee-first-1.1.1.tgz"
    integrity sha512-WMwm9LhRUo+WUaRN+vRuETqG89IgZphVSNkdFgeb6sS/E4OrDIN7t48CAewSHXc6C8lefD8KKfr5vY61brQlow==
  
  encodeurl@~1.0.2:
    version "1.0.2"
    resolved "https://registry.yarnpkg.com/encodeurl/-/encodeurl-1.0.2.tgz#ad3ff4c86ec2d029322f5a02c3a9a606c95b3f59"
    integrity sha512-TPJXq8JqFaVYm2CWmPvnP2Iyo4ZSM7/QKcSmuMLDObfpH5fi7RUGmd/rTDf+rut/saiDiQEeVTNgAmJEdAOx0w==
  
  escape-html@~1.0.3:
    version "1.0.3"
    resolved "https://registry.yarnpkg.com/escape-html/-/escape-html-1.0.3.tgz#0258eae4d3d0c0974de1c169188ef0051d1d1988"
    integrity sha512-NiSupZ4OeuGwr68lGIeym/ksIZMJodUGOSCZ/FSnTxcrekbvqrgdUxlJOMpijaKZVjAJrWrGs/6Jy8OMuyj9ow==
  
  etag@~1.8.1:
    version "1.8.1"
    resolved "https://registry.yarnpkg.com/etag/-/etag-1.8.1.tgz#41ae2eeb65efa62268aebfea83ac7d79299b0887"
    integrity sha512-aIL5Fx7mawVa300al2BnEE4iNvo1qETxLrPI/o05L7z6go7fCw1J6EQmbK4FmJ2AS7kgVF/KEZWufBfdClMcPg==
  
  express@^4.18.2:
    version "4.18.2"
    resolved "https://registry.yarnpkg.com/express/-/express-4.18.2.tgz#3fabe08296e930c796c19e3c516979386ba9fd59"
    integrity sha512-5/PsL6iGPdfQ/lKM1UuielYgv3BUoJfz1aUwU9vHZ+J7gyvwdQXFEBIEIaxeGf0GIcreATNyBExtalisDbuMqQ==
    dependencies:
      accepts "~1.3.8"
      array-flatten "1.1.1"
      body-parser "1.20.1"
      content-disposition "0.5.4"
      content-type "~1.0.4"
      cookie "0.5.0"
      cookie-signature "1.0.6"
      debug "2.6.9"
      depd "2.0.0"
      encodeurl "~1.0.2"
      escape-html "~1.0.3"
      etag "~1.8.1"
      finalhandler "1.2.0"
      fresh "0.5.2"
      http-errors "2.0.0"
      merge-descriptors "1.0.1"
      methods "~1.1.2"
      on-finished "2.4.1"
      parseurl "~1.3.3"
      path-to-regexp "0.1.7"
      proxy-addr "~2.0.7"
      qs "6.11.0"
      range-parser "~1.2.1"
      safe-buffer "5.2.1"
      send "0.18.0"
      serve-static "1.15.0"
      setprototypeof "1.2.0"
      statuses "2.0.1"
      type-is "~1.6.18"
      utils-merge "1.0.1"
      vary "~1.1.2"
  
  fast-xml-parser@4.0.11:
    version "4.0.11"
    resolved "https://registry.npmjs.org/fast-xml-parser/-/fast-xml-parser-4.0.11.tgz"
    integrity sha512-4aUg3aNRR/WjQAcpceODG1C3x3lFANXRo8+1biqfieHmg9pyMt7qB4lQV/Ta6sJCTbA5vfD8fnA8S54JATiFUA==
    dependencies:
      strnum "^1.0.5"
  
  finalhandler@1.2.0:
    version "1.2.0"
    resolved "https://registry.yarnpkg.com/finalhandler/-/finalhandler-1.2.0.tgz#7d23fe5731b207b4640e4fcd00aec1f9207a7b32"
    integrity sha512-5uXcUVftlQMFnWC9qu/svkWv3GTd2PfUhK/3PLkYNAe7FbqJMt3515HaxE6eRL74GdsriiwujiawdaB1BpEISg==
    dependencies:
      debug "2.6.9"
      encodeurl "~1.0.2"
      escape-html "~1.0.3"
      on-finished "2.4.1"
      parseurl "~1.3.3"
      statuses "2.0.1"
      unpipe "~1.0.0"
  
  forwarded@0.2.0:
    version "0.2.0"
    resolved "https://registry.yarnpkg.com/forwarded/-/forwarded-0.2.0.tgz#2269936428aad4c15c7ebe9779a84bf0b2a81811"
    integrity sha512-buRG0fpBtRHSTCOASe6hD258tEubFoRLb4ZNA6NxMVHNw2gOcwHo9wyablzMzOA5z9xA9L1KNjk/Nt6MT9aYow==
  
  fresh@0.5.2:
    version "0.5.2"
    resolved "https://registry.yarnpkg.com/fresh/-/fresh-0.5.2.tgz#3d8cadd90d976569fa835ab1f8e4b23a105605a7"
    integrity sha512-zJ2mQYM18rEFOudeV4GShTGIQ7RbzA7ozbU9I/XBpm7kqgMywgmylMwXHxZJmkVoYkna9d2pVXVXPdYTP9ej8Q==
  
  function-bind@^1.1.1:
    version "1.1.1"
    resolved "https://registry.npmjs.org/function-bind/-/function-bind-1.1.1.tgz"
    integrity sha512-yIovAzMX49sF8Yl58fSCWJ5svSLuaibPxXQJFLmBObTuCr0Mf1KiPopGM9NiFjiYBCbfaa2Fh6breQ6ANVTI0A==
  
  get-intrinsic@^1.0.2:
    version "1.1.3"
    resolved "https://registry.npmjs.org/get-intrinsic/-/get-intrinsic-1.1.3.tgz"
    integrity sha512-QJVz1Tj7MS099PevUG5jvnt9tSkXN8K14dxQlikJuPt4uD9hHAHjLyLBiLR5zELelBdD9QNRAXZzsJx0WaDL9A==
    dependencies:
      function-bind "^1.1.1"
      has "^1.0.3"
      has-symbols "^1.0.3"
  
  has-symbols@^1.0.3:
    version "1.0.3"
    resolved "https://registry.npmjs.org/has-symbols/-/has-symbols-1.0.3.tgz"
    integrity sha512-l3LCuF6MgDNwTDKkdYGEihYjt5pRPbEg46rtlmnSPlUbgmB8LOIrKJbYYFBSbnPaJexMKtiPO8hmeRjRz2Td+A==
  
  has@^1.0.3:
    version "1.0.3"
    resolved "https://registry.npmjs.org/has/-/has-1.0.3.tgz"
    integrity sha512-f2dvO0VU6Oej7RkWJGrehjbzMAjFp5/VKPp5tTpWIV4JHHZK1/BxbFRtf/siA2SWTe09caDmVtYYzWEIbBS4zw==
    dependencies:
      function-bind "^1.1.1"
  
  http-errors@2.0.0:
    version "2.0.0"
    resolved "https://registry.npmjs.org/http-errors/-/http-errors-2.0.0.tgz"
    integrity sha512-FtwrG/euBzaEjYeRqOgly7G0qviiXoJWnvEH2Z1plBdXgbyjv34pHTSb9zoeHMyDy33+DWy5Wt9Wo+TURtOYSQ==
    dependencies:
      depd "2.0.0"
      inherits "2.0.4"
      setprototypeof "1.2.0"
      statuses "2.0.1"
      toidentifier "1.0.1"
  
  iconv-lite@0.4.24:
    version "0.4.24"
    resolved "https://registry.npmjs.org/iconv-lite/-/iconv-lite-0.4.24.tgz"
    integrity sha512-v3MXnZAcvnywkTUEZomIActle7RXXeedOR31wwl7VlyoXO4Qi9arvSenNQWne1TcRwhCL1HwLI21bEqdpj8/rA==
    dependencies:
      safer-buffer ">= 2.1.2 < 3"
  
  ieee754@^1.1.13:
    version "1.2.1"
    resolved "https://registry.npmjs.org/ieee754/-/ieee754-1.2.1.tgz"
    integrity sha512-dcyqhDvX1C46lXZcVqCpK+FtMRQVdIMN6/Df5js2zouUsqG7I6sFxitIC+7KYK29KdXOLHdu9zL4sFnoVQnqaA==
  
  inherits@2.0.4:
    version "2.0.4"
    resolved "https://registry.npmjs.org/inherits/-/inherits-2.0.4.tgz"
    integrity sha512-k/vGaX4/Yla3WzyMCvTQOXYeIHvqOKtnqBduzTHpzpQZzAskKMhZ2K+EnBiSM9zGSoIFeMpXKxa4dYeZIQqewQ==
  
  ip@^2.0.0:
    version "2.0.0"
    resolved "https://registry.npmjs.org/ip/-/ip-2.0.0.tgz"
    integrity sha512-WKa+XuLG1A1R0UWhl2+1XQSi+fZWMsYKffMZTTYsiZaUD8k2yDAj5atimTUD2TZkyCkNEeYE5NhFZmupOGtjYQ==
  
  ipaddr.js@1.9.1:
    version "1.9.1"
    resolved "https://registry.yarnpkg.com/ipaddr.js/-/ipaddr.js-1.9.1.tgz#bff38543eeb8984825079ff3a2a8e6cbd46781b3"
    integrity sha512-0KI/607xoxSToH7GjN1FfSbLoU0+btTicjsQSWQlh/hZykN8KpmMf7uYwPW3R+akZ6R/w18ZlXSHBYXiYUPO3g==
  
  json5@^2.2.1:
    version "2.2.1"
    resolved "https://registry.npmjs.org/json5/-/json5-2.2.1.tgz"
    integrity sha512-1hqLFMSrGHRHxav9q9gNjJ5EXznIxGVO09xQRrwplcS8qs28pZ8s8hupZAmqDwZUmVZ2Qb2jnyPOWcDH8m8dlA==
  
  kareem@2.4.1:
    version "2.4.1"
    resolved "https://registry.npmjs.org/kareem/-/kareem-2.4.1.tgz"
    integrity sha512-aJ9opVoXroQUPfovYP5kaj2lM7Jn02Gw13bL0lg9v0V7SaUc0qavPs0Eue7d2DcC3NjqI6QAUElXNsuZSeM+EA==
  
  lodash-es@^4.17.21:
    version "4.17.21"
    resolved "https://registry.npmjs.org/lodash-es/-/lodash-es-4.17.21.tgz"
    integrity sha512-mKnC+QJ9pWVzv+C4/U3rRsHapFfHvQFoFB92e52xeyGMcX6/OlIl78je1u8vePzYZSkkogMPJ2yjxxsb89cxyw==
  
  lodash@^4.17.21:
    version "4.17.21"
    resolved "https://registry.npmjs.org/lodash/-/lodash-4.17.21.tgz"
    integrity sha512-v2kDEe57lecTulaDIuNTPy3Ry4gLGJ6Z1O3vE1krgXZNrsQ+LFTGHVxVjcXPs17LhbZVGedAJv8XZ1tvj5FvSg==
  
  media-typer@0.3.0:
    version "0.3.0"
    resolved "https://registry.npmjs.org/media-typer/-/media-typer-0.3.0.tgz"
    integrity sha512-dq+qelQ9akHpcOl/gUVRTxVIOkAJ1wR3QAvb4RsVjS8oVoFjDGTc679wJYmUmknUF5HwMLOgb5O+a3KxfWapPQ==
  
  memory-pager@^1.0.2:
    version "1.5.0"
    resolved "https://registry.npmjs.org/memory-pager/-/memory-pager-1.5.0.tgz"
    integrity sha512-ZS4Bp4r/Zoeq6+NLJpP+0Zzm0pR8whtGPf1XExKLJBAczGMnSi3It14OiNCStjQjM6NU1okjQGSxgEZN8eBYKg==
  
  merge-descriptors@1.0.1:
    version "1.0.1"
    resolved "https://registry.yarnpkg.com/merge-descriptors/-/merge-descriptors-1.0.1.tgz#b00aaa556dd8b44568150ec9d1b953f3f90cbb61"
    integrity sha512-cCi6g3/Zr1iqQi6ySbseM1Xvooa98N0w31jzUYrXPX2xqObmFGHJ0tQ5u74H3mVh7wLouTseZyYIq39g8cNp1w==
  
  methods@~1.1.2:
    version "1.1.2"
    resolved "https://registry.yarnpkg.com/methods/-/methods-1.1.2.tgz#5529a4d67654134edcc5266656835b0f851afcee"
    integrity sha512-iclAHeNqNm68zFtnZ0e+1L2yUIdvzNoauKU4WBA3VvH/vPFieF7qfRlwUZU+DA9P9bPXIS90ulxoUoCH23sV2w==
  
  mime-db@1.52.0:
    version "1.52.0"
    resolved "https://registry.npmjs.org/mime-db/-/mime-db-1.52.0.tgz"
    integrity sha512-sPU4uV7dYlvtWJxwwxHD0PuihVNiE7TyAbQ5SWxDCB9mUYvOgroQOwYQQOKPJ8CIbE+1ETVlOoK1UC2nU3gYvg==
  
  mime-types@~2.1.24, mime-types@~2.1.34:
    version "2.1.35"
    resolved "https://registry.npmjs.org/mime-types/-/mime-types-2.1.35.tgz"
    integrity sha512-ZDY+bPm5zTTF+YpCrAU9nK0UgICYPT0QtT1NZWFv4s++TNkcgVaT0g6+4R2uI4MjQjzysHB1zxuWL50hzaeXiw==
    dependencies:
      mime-db "1.52.0"
  
  mime@1.6.0:
    version "1.6.0"
    resolved "https://registry.yarnpkg.com/mime/-/mime-1.6.0.tgz#32cd9e5c64553bd58d19a568af452acff04981b1"
    integrity sha512-x0Vn8spI+wuJ1O6S7gnbaQg8Pxh4NNHb7KSINmEWKiPE4RKOplvijn+NkmYmmRgP68mc70j2EbeTFRsrswaQeg==
  
  mongodb-connection-string-url@^2.5.4:
    version "2.5.4"
    resolved "https://registry.npmjs.org/mongodb-connection-string-url/-/mongodb-connection-string-url-2.5.4.tgz"
    integrity sha512-SeAxuWs0ez3iI3vvmLk/j2y+zHwigTDKQhtdxTgt5ZCOQQS5+HW4g45/Xw5vzzbn7oQXCNQ24Z40AkJsizEy7w==
    dependencies:
      "@types/whatwg-url" "^8.2.1"
      whatwg-url "^11.0.0"
  
  mongodb@4.11.0:
    version "4.11.0"
    resolved "https://registry.npmjs.org/mongodb/-/mongodb-4.11.0.tgz"
    integrity sha512-9l9n4Nk2BYZzljW3vHah3Z0rfS5npKw6ktnkmFgTcnzaXH1DRm3pDl6VMHu84EVb1lzmSaJC4OzWZqTkB5i2wg==
    dependencies:
      bson "^4.7.0"
      denque "^2.1.0"
      mongodb-connection-string-url "^2.5.4"
      socks "^2.7.1"
    optionalDependencies:
      "@aws-sdk/credential-providers" "^3.186.0"
      saslprep "^1.0.3"
  
  mongoose@^6.7.1:
    version "6.7.1"
    resolved "https://registry.npmjs.org/mongoose/-/mongoose-6.7.1.tgz"
    integrity sha512-qbagtqSyvIhUz4EWzXC00EA0DJHFrQwlzTlNGX5DjiESoJiPKqkEga1k9hviFKRFgBna+OlW54mkdi+0+AqxCw==
    dependencies:
      bson "^4.7.0"
      kareem "2.4.1"
      mongodb "4.11.0"
      mpath "0.9.0"
      mquery "4.0.3"
      ms "2.1.3"
      sift "16.0.1"
  
  mpath@0.9.0:
    version "0.9.0"
    resolved "https://registry.npmjs.org/mpath/-/mpath-0.9.0.tgz"
    integrity sha512-ikJRQTk8hw5DEoFVxHG1Gn9T/xcjtdnOKIU1JTmGjZZlg9LST2mBLmcX3/ICIbgJydT2GOc15RnNy5mHmzfSew==
  
  mquery@4.0.3:
    version "4.0.3"
    resolved "https://registry.npmjs.org/mquery/-/mquery-4.0.3.tgz"
    integrity sha512-J5heI+P08I6VJ2Ky3+33IpCdAvlYGTSUjwTPxkAr8i8EoduPMBX2OY/wa3IKZIQl7MU4SbFk8ndgSKyB/cl1zA==
    dependencies:
      debug "4.x"
  
  ms@2.0.0:
    version "2.0.0"
    resolved "https://registry.npmjs.org/ms/-/ms-2.0.0.tgz"
    integrity sha512-Tpp60P6IUJDTuOq/5Z8cdskzJujfwqfOTkrwIwj7IRISpnkJnT6SyJ4PCPnGMoFjC9ddhal5KVIYtAt97ix05A==
  
  ms@2.1.2:
    version "2.1.2"
    resolved "https://registry.npmjs.org/ms/-/ms-2.1.2.tgz"
    integrity sha512-sGkPx+VjMtmA6MX27oA4FBFELFCZZ4S4XqeGOXCv68tT+jb3vk/RyaKWP0PTKyWtmLSM0b+adUTEvbs1PEaH2w==
  
  ms@2.1.3:
    version "2.1.3"
    resolved "https://registry.npmjs.org/ms/-/ms-2.1.3.tgz"
    integrity sha512-6FlzubTLZG3J2a/NVCAleEhjzq5oxgHyaCU9yYXvcLsvoVaHJq/s5xXI6/XXP6tz7R9xAOtHnSO/tXtF3WRTlA==
  
  nanoclone@^0.2.1:
    version "0.2.1"
    resolved "https://registry.npmjs.org/nanoclone/-/nanoclone-0.2.1.tgz"
    integrity sha512-wynEP02LmIbLpcYw8uBKpcfF6dmg2vcpKqxeH5UcoKEYdExslsdUA4ugFauuaeYdTB76ez6gJW8XAZ6CgkXYxA==
  
  nanoid@^4.0.0:
    version "4.0.0"
    resolved "https://registry.npmjs.org/nanoid/-/nanoid-4.0.0.tgz"
    integrity sha512-IgBP8piMxe/gf73RTQx7hmnhwz0aaEXYakvqZyE302IXW3HyVNhdNGC+O2MwMAVhLEnvXlvKtGbtJf6wvHihCg==
  
  negotiator@0.6.3:
    version "0.6.3"
    resolved "https://registry.yarnpkg.com/negotiator/-/negotiator-0.6.3.tgz#58e323a72fedc0d6f9cd4d31fe49f51479590ccd"
    integrity sha512-+EUsqGPLsM+j/zdChZjsnX51g4XrHFOIXwfnCVPGlQk/k5giakcKsuxCObBRu6DSm9opw/O6slWbJdghQM4bBg==
  
  object-assign@^4:
    version "4.1.1"
    resolved "https://registry.npmjs.org/object-assign/-/object-assign-4.1.1.tgz"
    integrity sha512-rJgTQnkUnH1sFw8yT6VSU3zD3sWmu6sZhIseY8VX+GRu3P6F7Fu+JNDoXfklElbLJSnc3FUQHVe4cU5hj+BcUg==
  
  object-inspect@^1.9.0:
    version "1.12.2"
    resolved "https://registry.npmjs.org/object-inspect/-/object-inspect-1.12.2.tgz"
    integrity sha512-z+cPxW0QGUp0mcqcsgQyLVRDoXFQbXOwBaqyF7VIgI4TWNQsDHrBpUQslRmIfAoYWdYzs6UlKJtB2XJpTaNSpQ==
  
  on-finished@2.4.1:
    version "2.4.1"
    resolved "https://registry.npmjs.org/on-finished/-/on-finished-2.4.1.tgz"
    integrity sha512-oVlzkg3ENAhCk2zdv7IJwd/QUD4z2RxRwpkcGY8psCVcCYZNq4wYnVWALHM+brtuJjePWiYF/ClmuDr8Ch5+kg==
    dependencies:
      ee-first "1.1.1"
  
  parseurl@~1.3.3:
    version "1.3.3"
    resolved "https://registry.yarnpkg.com/parseurl/-/parseurl-1.3.3.tgz#9da19e7bee8d12dff0513ed5b76957793bc2e8d4"
    integrity sha512-CiyeOxFT/JZyN5m0z9PfXw4SCBJ6Sygz1Dpl0wqjlhDEGGBP1GnsUVEL0p63hoG1fcj3fHynXi9NYO4nWOL+qQ==
  
  path-to-regexp@0.1.7:
    version "0.1.7"
    resolved "https://registry.yarnpkg.com/path-to-regexp/-/path-to-regexp-0.1.7.tgz#df604178005f522f15eb4490e7247a1bfaa67f8c"
    integrity sha512-5DFkuoqlv1uYQKxy8omFBeJPQcdoE07Kv2sferDCrAq1ohOU+MSDswDIbnx3YAM60qIOnYa53wBhXW0EbMonrQ==
  
  property-expr@^2.0.4:
    version "2.0.5"
    resolved "https://registry.npmjs.org/property-expr/-/property-expr-2.0.5.tgz"
    integrity sha512-IJUkICM5dP5znhCckHSv30Q4b5/JA5enCtkRHYaOVOAocnH/1BQEYTC5NMfT3AVl/iXKdr3aqQbQn9DxyWknwA==
  
  proxy-addr@~2.0.7:
    version "2.0.7"
    resolved "https://registry.yarnpkg.com/proxy-addr/-/proxy-addr-2.0.7.tgz#f19fe69ceab311eeb94b42e70e8c2070f9ba1025"
    integrity sha512-llQsMLSUDUPT44jdrU/O37qlnifitDP+ZwrmmZcoSKyLKvtZxpyV0n2/bD/N4tBAAZ/gJEdZU7KMraoK1+XYAg==
    dependencies:
      forwarded "0.2.0"
      ipaddr.js "1.9.1"
  
  punycode@^2.1.1:
    version "2.1.1"
    resolved "https://registry.npmjs.org/punycode/-/punycode-2.1.1.tgz"
    integrity sha512-XRsRjdf+j5ml+y/6GKHPZbrF/8p2Yga0JPtdqTIY2Xe5ohJPD9saDJJLPvp9+NSBprVvevdXZybnj2cv8OEd0A==
  
  qs@6.11.0:
    version "6.11.0"
    resolved "https://registry.npmjs.org/qs/-/qs-6.11.0.tgz"
    integrity sha512-MvjoMCJwEarSbUYk5O+nmoSzSutSsTwF85zcHPQ9OrlFoZOYIjaqBAJIqIXjptyD5vThxGq52Xu/MaJzRkIk4Q==
    dependencies:
      side-channel "^1.0.4"
  
  range-parser@~1.2.1:
    version "1.2.1"
    resolved "https://registry.yarnpkg.com/range-parser/-/range-parser-1.2.1.tgz#3cf37023d199e1c24d1a55b84800c2f3e6468031"
    integrity sha512-Hrgsx+orqoygnmhFbKaHE6c296J+HTAQXoxEF6gNupROmmGJRoyzfG3ccAveqCBrwr/2yxQ5BVd/GTl5agOwSg==
  
  raw-body@2.5.1:
    version "2.5.1"
    resolved "https://registry.npmjs.org/raw-body/-/raw-body-2.5.1.tgz"
    integrity sha512-qqJBtEyVgS0ZmPGdCFPWJ3FreoqvG4MVQln/kCgF7Olq95IbOp0/BWyMwbdtn4VTvkM8Y7khCQ2Xgk/tcrCXig==
    dependencies:
      bytes "3.1.2"
      http-errors "2.0.0"
      iconv-lite "0.4.24"
      unpipe "1.0.0"
  
  regenerator-runtime@^0.13.10:
    version "0.13.10"
    resolved "https://registry.npmjs.org/regenerator-runtime/-/regenerator-runtime-0.13.10.tgz"
    integrity sha512-KepLsg4dU12hryUO7bp/axHAKvwGOCV0sGloQtpagJ12ai+ojVDqkeGSiRX1zlq+kjIMZ1t7gpze+26QqtdGqw==
  
  safe-buffer@5.2.1:
    version "5.2.1"
    resolved "https://registry.yarnpkg.com/safe-buffer/-/safe-buffer-5.2.1.tgz#1eaf9fa9bdb1fdd4ec75f58f9cdb4e6b7827eec6"
    integrity sha512-rp3So07KcdmmKbGvgaNxQSJr7bGVSVk5S9Eq1F+ppbRo70+YeaDxkw5Dd8NPN+GD6bjnYm2VuPuCXmpuYvmCXQ==
  
  "safer-buffer@>= 2.1.2 < 3":
    version "2.1.2"
    resolved "https://registry.npmjs.org/safer-buffer/-/safer-buffer-2.1.2.tgz"
    integrity sha512-YZo3K82SD7Riyi0E1EQPojLz7kpepnSQI9IyPbHHg1XXXevb5dJI7tpyN2ADxGcQbHG7vcyRHk0cbwqcQriUtg==
  
  saslprep@^1.0.3:
    version "1.0.3"
    resolved "https://registry.npmjs.org/saslprep/-/saslprep-1.0.3.tgz"
    integrity sha512-/MY/PEMbk2SuY5sScONwhUDsV2p77Znkb/q3nSVstq/yQzYJOH/Azh29p9oJLsl3LnQwSvZDKagDGBsBwSooag==
    dependencies:
      sparse-bitfield "^3.0.3"
  
  send@0.18.0:
    version "0.18.0"
    resolved "https://registry.yarnpkg.com/send/-/send-0.18.0.tgz#670167cc654b05f5aa4a767f9113bb371bc706be"
    integrity sha512-qqWzuOjSFOuqPjFe4NOsMLafToQQwBSOEpS+FwEt3A2V3vKubTquT3vmLTQpFgMXp8AlFWFuP1qKaJZOtPpVXg==
    dependencies:
      debug "2.6.9"
      depd "2.0.0"
      destroy "1.2.0"
      encodeurl "~1.0.2"
      escape-html "~1.0.3"
      etag "~1.8.1"
      fresh "0.5.2"
      http-errors "2.0.0"
      mime "1.6.0"
      ms "2.1.3"
      on-finished "2.4.1"
      range-parser "~1.2.1"
      statuses "2.0.1"
  
  serve-static@1.15.0:
    version "1.15.0"
    resolved "https://registry.yarnpkg.com/serve-static/-/serve-static-1.15.0.tgz#faaef08cffe0a1a62f60cad0c4e513cff0ac9540"
    integrity sha512-XGuRDNjXUijsUL0vl6nSD7cwURuzEgglbOaFuZM9g3kwDXOWVTck0jLzjPzGD+TazWbboZYu52/9/XPdUgne9g==
    dependencies:
      encodeurl "~1.0.2"
      escape-html "~1.0.3"
      parseurl "~1.3.3"
      send "0.18.0"
  
  setprototypeof@1.2.0:
    version "1.2.0"
    resolved "https://registry.npmjs.org/setprototypeof/-/setprototypeof-1.2.0.tgz"
    integrity sha512-E5LDX7Wrp85Kil5bhZv46j8jOeboKq5JMmYM3gVGdGH8xFpPWXUMsNrlODCrkoxMEeNi/XZIwuRvY4XNwYMJpw==
  
  side-channel@^1.0.4:
    version "1.0.4"
    resolved "https://registry.npmjs.org/side-channel/-/side-channel-1.0.4.tgz"
    integrity sha512-q5XPytqFEIKHkGdiMIrY10mvLRvnQh42/+GoBlFW3b2LXLE2xxJpZFdm94we0BaoV3RwJyGqg5wS7epxTv0Zvw==
    dependencies:
      call-bind "^1.0.0"
      get-intrinsic "^1.0.2"
      object-inspect "^1.9.0"
  
  sift@16.0.1:
    version "16.0.1"
    resolved "https://registry.npmjs.org/sift/-/sift-16.0.1.tgz"
    integrity sha512-Wv6BjQ5zbhW7VFefWusVP33T/EM0vYikCaQ2qR8yULbsilAT8/wQaXvuQ3ptGLpoKx+lihJE3y2UTgKDyyNHZQ==
  
  smart-buffer@^4.2.0:
    version "4.2.0"
    resolved "https://registry.npmjs.org/smart-buffer/-/smart-buffer-4.2.0.tgz"
    integrity sha512-94hK0Hh8rPqQl2xXc3HsaBoOXKV20MToPkcXvwbISWLEs+64sBq5kFgn2kJDHb1Pry9yrP0dxrCI9RRci7RXKg==
  
  socks@^2.7.1:
    version "2.7.1"
    resolved "https://registry.npmjs.org/socks/-/socks-2.7.1.tgz"
    integrity sha512-7maUZy1N7uo6+WVEX6psASxtNlKaNVMlGQKkG/63nEDdLOWNbiUMoLK7X4uYoLhQstau72mLgfEWcXcwsaHbYQ==
    dependencies:
      ip "^2.0.0"
      smart-buffer "^4.2.0"
  
  sparse-bitfield@^3.0.3:
    version "3.0.3"
    resolved "https://registry.npmjs.org/sparse-bitfield/-/sparse-bitfield-3.0.3.tgz"
    integrity sha512-kvzhi7vqKTfkh0PZU+2D2PIllw2ymqJKujUcyPMd9Y75Nv4nPbGJZXNhxsgdQab2BmlDct1YnfQCguEvHr7VsQ==
    dependencies:
      memory-pager "^1.0.2"
  
  statuses@2.0.1:
    version "2.0.1"
    resolved "https://registry.npmjs.org/statuses/-/statuses-2.0.1.tgz"
    integrity sha512-RwNA9Z/7PrK06rYLIzFMlaF+l73iwpzsqRIFgbMLbTcLD6cOao82TaWefPXQvB2fOC4AjuYSEndS7N/mTCbkdQ==
  
  strnum@^1.0.5:
    version "1.0.5"
    resolved "https://registry.npmjs.org/strnum/-/strnum-1.0.5.tgz"
    integrity sha512-J8bbNyKKXl5qYcR36TIO8W3mVGVHrmmxsd5PAItGkmyzwJvybiw2IVq5nqd0i4LSNSkB/sx9VHllbfFdr9k1JA==
  
  toidentifier@1.0.1:
    version "1.0.1"
    resolved "https://registry.npmjs.org/toidentifier/-/toidentifier-1.0.1.tgz"
    integrity sha512-o5sSPKEkg/DIQNmH43V0/uerLrpzVedkUh8tGNvaeXpfpuwjKenlSox/2O/BTlZUtEe+JG7s5YhEz608PlAHRA==
  
  toposort@^2.0.2:
    version "2.0.2"
    resolved "https://registry.npmjs.org/toposort/-/toposort-2.0.2.tgz"
    integrity sha512-0a5EOkAUp8D4moMi2W8ZF8jcga7BgZd91O/yabJCFY8az+XSzeGyTKs0Aoo897iV1Nj6guFq8orWDS96z91oGg==
  
  touch-cli@^0.0.1:
    version "0.0.1"
    resolved "https://registry.npmjs.org/touch-cli/-/touch-cli-0.0.1.tgz"
    integrity sha512-NqFJf+83U4VoPAqv1aG+JrWXwPMKUyPL2zvzJq9n88gBMYlzM5Qgq8Haqs2O2ng4yPwlU9p2KaegJ/W6bkr2fQ==
    dependencies:
      commander "0.6.1"
  
  tr46@^3.0.0:
    version "3.0.0"
    resolved "https://registry.npmjs.org/tr46/-/tr46-3.0.0.tgz"
    integrity sha512-l7FvfAHlcmulp8kr+flpQZmVwtu7nfRV7NZujtN0OqES8EL4O4e0qqzL0DC5gAvx/ZC/9lk6rhcUwYvkBnBnYA==
    dependencies:
      punycode "^2.1.1"
  
  tslib@^1.11.1:
    version "1.14.1"
    resolved "https://registry.npmjs.org/tslib/-/tslib-1.14.1.tgz"
    integrity sha512-Xni35NKzjgMrwevysHTCArtLDpPvye8zV/0E4EyYn43P7/7qvQwPh9BGkHewbMulVntbigmcT7rdX3BNo9wRJg==
  
  tslib@^2.3.1:
    version "2.4.1"
    resolved "https://registry.npmjs.org/tslib/-/tslib-2.4.1.tgz"
    integrity sha512-tGyy4dAjRIEwI7BzsB0lynWgOpfqjUdq91XXAlIWD2OwKBH7oCl/GZG/HT4BOHrTlPMOASlMQ7veyTqpmRcrNA==
  
  type-is@~1.6.18:
    version "1.6.18"
    resolved "https://registry.npmjs.org/type-is/-/type-is-1.6.18.tgz"
    integrity sha512-TkRKr9sUTxEH8MdfuCSP7VizJyzRNMjj2J2do2Jr3Kym598JVdEksuzPQCnlFPW4ky9Q+iA+ma9BGm06XQBy8g==
    dependencies:
      media-typer "0.3.0"
      mime-types "~2.1.24"
  
  typescript@^4.8.4:
    version "4.8.4"
    resolved "https://registry.npmjs.org/typescript/-/typescript-4.8.4.tgz"
    integrity sha512-QCh+85mCy+h0IGff8r5XWzOVSbBO+KfeYrMQh7NJ58QujwcE22u+NUSmUxqF+un70P9GXKxa2HCNiTTMJknyjQ==
  
  unpipe@1.0.0, unpipe@~1.0.0:
    version "1.0.0"
    resolved "https://registry.npmjs.org/unpipe/-/unpipe-1.0.0.tgz"
    integrity sha512-pjy2bYhSsufwWlKwPc+l3cN7+wuJlK6uz0YdJEOlQDbl6jo/YlPi4mb8agUkVC8BF7V8NuzeyPNqRksA3hztKQ==
  
  utils-merge@1.0.1:
    version "1.0.1"
    resolved "https://registry.yarnpkg.com/utils-merge/-/utils-merge-1.0.1.tgz#9f95710f50a267947b2ccc124741c1028427e713"
    integrity sha512-pMZTvIkT1d+TFGvDOqodOclx0QWkkgi6Tdoa8gC8ffGAAqz9pzPTZWAybbsHHoED/ztMtkv/VoYTYyShUn81hA==
  
  uuid@^8.3.2:
    version "8.3.2"
    resolved "https://registry.npmjs.org/uuid/-/uuid-8.3.2.tgz"
    integrity sha512-+NYs2QeMWy+GWFOEm9xnn6HCDp0l7QBD7ml8zLUmJ+93Q5NF0NocErnwkTkXVFNiX3/fpC6afS8Dhb/gz7R7eg==
  
  vary@^1, vary@~1.1.2:
    version "1.1.2"
    resolved "https://registry.npmjs.org/vary/-/vary-1.1.2.tgz"
    integrity sha512-BNGbWLfd0eUPabhkXUVm0j8uuvREyTh5ovRa/dyow/BqAbZJyC+5fU+IzQOzmAKzYqYRAISoRhdQr3eIZ/PXqg==
  
  webidl-conversions@^7.0.0:
    version "7.0.0"
    resolved "https://registry.npmjs.org/webidl-conversions/-/webidl-conversions-7.0.0.tgz"
    integrity sha512-VwddBukDzu71offAQR975unBIGqfKZpM+8ZX6ySk8nYhVoo5CYaZyzt3YBvYtRtO+aoGlqxPg/B87NGVZ/fu6g==
  
  whatwg-url@^11.0.0:
    version "11.0.0"
    resolved "https://registry.npmjs.org/whatwg-url/-/whatwg-url-11.0.0.tgz"
    integrity sha512-RKT8HExMpoYx4igMiVMY83lN6UeITKJlBQ+vR/8ZJ8OCdSiN3RwCq+9gH0+Xzj0+5IrM6i4j/6LuvzbZIQgEcQ==
    dependencies:
      tr46 "^3.0.0"
      webidl-conversions "^7.0.0"
  
  yup@^0.32.11:
    version "0.32.11"
    resolved "https://registry.npmjs.org/yup/-/yup-0.32.11.tgz"
    integrity sha512-Z2Fe1bn+eLstG8DRR6FTavGD+MeAwyfmouhHsIUgaADz8jvFKbO/fXc2trJKZg+5EBjh4gGm3iU/t3onKlXHIg==
    dependencies:
      "@babel/runtime" "^7.15.4"
      "@types/lodash" "^4.14.175"
      lodash "^4.17.21"
      lodash-es "^4.17.21"
      nanoclone "^0.2.1"
      property-expr "^2.0.4"
      toposort "^2.0.2"
